warning: 'iosuicomponents': dependency 'kingfisher' is not used by any target
[1/1] Compiling plugin SwiftLintCommandPlugin
[2/2] Compiling plugin SwiftLintBuildToolPlugin
[3/3] Compiling plugin GenerateManual
[4/4] Compiling plugin GenerateDoccReference
Building for debugging...
[4/12] Write sources
[11/12] Write swift-version--58304C5D6DBC2206.txt
[13/24] Emitting module ButtonComponents
[14/24] Compiling ButtonComponents ButtonComponents.swift
[15/24] Emitting module ListComponents
[16/24] Compiling ListComponents ListComponents.swift
[17/24] Compiling CardComponents CardComponents.swift
[18/24] Emitting module CardComponents
[19/24] Compiling NavigationComponents NavigationComponents.swift
[20/24] Emitting module NavigationComponents
[21/24] Emitting module InputComponents
[22/24] Compiling InputComponents InputComponents.swift
[23/24] Emitting module ModalComponents
[24/24] Compiling ModalComponents ModalComponents.swift
/Users/muhittincamdali/Desktop/Cursor Projects/GitHub/iOSUIComponents/Sources/ModalComponents/ModalComponents.swift:171:32: error: the compiler is unable to type-check this expression in reasonable time; try breaking up the expression into distinct sub-expressions
169 |     }
170 |     
171 |     public var body: some View {
    |                                `- error: the compiler is unable to type-check this expression in reasonable time; try breaking up the expression into distinct sub-expressions
172 |         ZStack {
173 |             Color.black.opacity(0.5)
